<?xml version="1.0" encoding="UTF-8"?>
<testsuite name="weather.geocoding.GeoLocationAPITest" tests="1" skipped="0" failures="0" errors="0" timestamp="2024-09-13T17:56:00" hostname="Filizs-MacBook-Pro.local" time="0.199">
  <properties/>
  <testcase name="testInvalidCityState()" classname="weather.geocoding.GeoLocationAPITest" time="0.199"/>
  <system-out><![CDATA[]]></system-out>
  <system-err><![CDATA[[Test worker] INFO weather.geocoding.GeoLocationAPITest - Starting test for invalid city/state: lll, GB
[Test worker] INFO weather.geocoding.GeoLocationAPITest - Expected validation failure for invalid city/state: lll, GB
]]></system-err>
</testsuite>
